<?xml version="1.0" encoding="UTF-8"?>
<!-- Generated by org.testng.reporters.JUnitXMLReporter -->
<testsuite hostname="DESKTOP-5ANURAS" failures="2" tests="3" name="Test" time="28.373" errors="0" timestamp="26 Mar 2021 05:51:05 GMT">
  <testcase classname="BackBase.BblogTest" name="TestPublishArticle" time="5.471"/>
  <testcase classname="BackBase.BblogTest" name="TestReadArticleYourFeedGlobalFeedPopularTags" time="7.414">
    <failure type="java.lang.AssertionError" message="expected [ashishpandit] but found []">
      <![CDATA[java.lang.AssertionError: expected [ashishpandit] but found []
	at BackBase.BblogTest.TestReadArticleYourFeedGlobalFeedPopularTags(BblogTest.java:199)
... Removed 29 stack frames]]>
    </failure>
  </testcase> <!-- TestReadArticleYourFeedGlobalFeedPopularTags -->
  <testcase classname="BackBase.BblogTest" name="TestReadArticleYourFeedGlobalFeedPopularTags" time="10.452">
    <failure type="java.lang.NullPointerException">
      <![CDATA[java.lang.NullPointerException
	at projectResources.Base.getScreenShotPath(Base.java:40)
	at BackBase.Listeners.onTestFailure(Listeners.java:59)
... Removed 21 stack frames]]>
    </failure>
  </testcase> <!-- TestReadArticleYourFeedGlobalFeedPopularTags -->
</testsuite> <!-- Test -->
