<?xml version="1.0" encoding="UTF-8"?>
<testng-results total="4" passed="3" failed="1" skipped="0">
  <reporter-output>
  </reporter-output>
  <suite started-at="2021-03-26T15:31:35Z" name="Default suite" finished-at="2021-03-26T15:32:17Z" duration-ms="42597">
    <groups>
    </groups>
    <test started-at="2021-03-26T15:31:35Z" name="Default test" finished-at="2021-03-26T15:32:17Z" duration-ms="42597">
      <class name="BackBase.BblogTest">
        <test-method is-config="true" signature="setDriver()[pri:0, instance:BackBase.BblogTest@3e2059ae]" started-at="2021-03-26T09:31:35Z" name="setDriver" finished-at="2021-03-26T09:31:37Z" duration-ms="2206" status="PASS">
          <reporter-output>
          </reporter-output>
        </test-method> <!-- setDriver -->
        <test-method is-config="true" signature="applicationLogin()[pri:0, instance:BackBase.BblogTest@3e2059ae]" started-at="2021-03-26T09:31:37Z" name="applicationLogin" finished-at="2021-03-26T09:31:43Z" duration-ms="6109" status="PASS">
          <reporter-output>
          </reporter-output>
        </test-method> <!-- applicationLogin -->
        <test-method signature="TestPublishArticle()[pri:0, instance:BackBase.BblogTest@3e2059ae]" started-at="2021-03-26T09:31:43Z" name="TestPublishArticle" finished-at="2021-03-26T09:31:49Z" duration-ms="5578" status="PASS">
          <reporter-output>
          </reporter-output>
        </test-method> <!-- TestPublishArticle -->
        <test-method is-config="true" signature="applicationLogout()[pri:0, instance:BackBase.BblogTest@3e2059ae]" started-at="2021-03-26T09:31:49Z" name="applicationLogout" finished-at="2021-03-26T09:31:49Z" duration-ms="742" status="PASS">
          <reporter-output>
          </reporter-output>
        </test-method> <!-- applicationLogout -->
        <test-method is-config="true" signature="applicationLogin()[pri:0, instance:BackBase.BblogTest@3e2059ae]" started-at="2021-03-26T09:31:49Z" name="applicationLogin" finished-at="2021-03-26T09:31:52Z" duration-ms="2909" status="PASS">
          <reporter-output>
          </reporter-output>
        </test-method> <!-- applicationLogin -->
        <test-method signature="TestReadArticleYourFeedGlobalFeedPopularTags()[pri:0, instance:BackBase.BblogTest@3e2059ae]" started-at="2021-03-26T09:31:52Z" name="TestReadArticleYourFeedGlobalFeedPopularTags" finished-at="2021-03-26T09:31:54Z" duration-ms="2082" status="FAIL">
          <exception class="org.openqa.selenium.StaleElementReferenceException">
            <message>
              <![CDATA[stale element reference: element is not attached to the page document
  (Session info: chrome=89.0.4389.72)
For documentation on this error, please visit: https://www.seleniumhq.org/exceptions/stale_element_reference.html
Build info: version: '3.141.59', revision: 'e82be7d358', time: '2018-11-14T08:17:03'
System info: host: 'DESKTOP-5ANURAS', ip: '10.0.0.217', os.name: 'Windows 10', os.arch: 'amd64', os.version: '10.0', java.version: '11.0.8'
Driver info: org.openqa.selenium.chrome.ChromeDriver
Capabilities {acceptInsecureCerts: false, browserName: chrome, browserVersion: 89.0.4389.72, chrome: {chromedriverVersion: 89.0.4389.23 (61b08ee2c5002..., userDataDir: C:\Users\ASHISH\AppData\Loc...}, goog:chromeOptions: {debuggerAddress: localhost:56108}, javascriptEnabled: true, networkConnectionEnabled: false, pageLoadStrategy: normal, platform: WINDOWS, platformName: WINDOWS, proxy: Proxy(), setWindowRect: true, strictFileInteractability: false, timeouts: {implicit: 0, pageLoad: 300000, script: 30000}, unhandledPromptBehavior: dismiss and notify, webauthn:extension:largeBlob: true, webauthn:virtualAuthenticators: true}
Session ID: b75b1db07ee742b72723c55b1e677df8]]>
            </message>
            <full-stacktrace>
              <![CDATA[org.openqa.selenium.StaleElementReferenceException: stale element reference: element is not attached to the page document
  (Session info: chrome=89.0.4389.72)
For documentation on this error, please visit: https://www.seleniumhq.org/exceptions/stale_element_reference.html
Build info: version: '3.141.59', revision: 'e82be7d358', time: '2018-11-14T08:17:03'
System info: host: 'DESKTOP-5ANURAS', ip: '10.0.0.217', os.name: 'Windows 10', os.arch: 'amd64', os.version: '10.0', java.version: '11.0.8'
Driver info: org.openqa.selenium.chrome.ChromeDriver
Capabilities {acceptInsecureCerts: false, browserName: chrome, browserVersion: 89.0.4389.72, chrome: {chromedriverVersion: 89.0.4389.23 (61b08ee2c5002..., userDataDir: C:\Users\ASHISH\AppData\Loc...}, goog:chromeOptions: {debuggerAddress: localhost:56108}, javascriptEnabled: true, networkConnectionEnabled: false, pageLoadStrategy: normal, platform: WINDOWS, platformName: WINDOWS, proxy: Proxy(), setWindowRect: true, strictFileInteractability: false, timeouts: {implicit: 0, pageLoad: 300000, script: 30000}, unhandledPromptBehavior: dismiss and notify, webauthn:extension:largeBlob: true, webauthn:virtualAuthenticators: true}
Session ID: b75b1db07ee742b72723c55b1e677df8
	at java.base/jdk.internal.reflect.NativeConstructorAccessorImpl.newInstance0(Native Method)
	at java.base/jdk.internal.reflect.NativeConstructorAccessorImpl.newInstance(NativeConstructorAccessorImpl.java:62)
	at java.base/jdk.internal.reflect.DelegatingConstructorAccessorImpl.newInstance(DelegatingConstructorAccessorImpl.java:45)
	at java.base/java.lang.reflect.Constructor.newInstance(Constructor.java:490)
	at org.openqa.selenium.remote.http.W3CHttpResponseCodec.createException(W3CHttpResponseCodec.java:187)
	at org.openqa.selenium.remote.http.W3CHttpResponseCodec.decode(W3CHttpResponseCodec.java:122)
	at org.openqa.selenium.remote.http.W3CHttpResponseCodec.decode(W3CHttpResponseCodec.java:49)
	at org.openqa.selenium.remote.HttpCommandExecutor.execute(HttpCommandExecutor.java:158)
	at org.openqa.selenium.remote.service.DriverCommandExecutor.execute(DriverCommandExecutor.java:83)
	at org.openqa.selenium.remote.RemoteWebDriver.execute(RemoteWebDriver.java:552)
	at org.openqa.selenium.remote.RemoteWebElement.execute(RemoteWebElement.java:285)
	at org.openqa.selenium.remote.RemoteWebElement.isDisplayed(RemoteWebElement.java:326)
	at java.base/jdk.internal.reflect.NativeMethodAccessorImpl.invoke0(Native Method)
	at java.base/jdk.internal.reflect.NativeMethodAccessorImpl.invoke(NativeMethodAccessorImpl.java:62)
	at java.base/jdk.internal.reflect.DelegatingMethodAccessorImpl.invoke(DelegatingMethodAccessorImpl.java:43)
	at java.base/java.lang.reflect.Method.invoke(Method.java:566)
	at org.openqa.selenium.support.pagefactory.internal.LocatingElementHandler.invoke(LocatingElementHandler.java:51)
	at com.sun.proxy.$Proxy14.isDisplayed(Unknown Source)
	at org.openqa.selenium.support.ui.ExpectedConditions.elementIfVisible(ExpectedConditions.java:314)
	at org.openqa.selenium.support.ui.ExpectedConditions.access$000(ExpectedConditions.java:43)
	at org.openqa.selenium.support.ui.ExpectedConditions$10.apply(ExpectedConditions.java:300)
	at org.openqa.selenium.support.ui.ExpectedConditions$10.apply(ExpectedConditions.java:297)
	at org.openqa.selenium.support.ui.ExpectedConditions$23.apply(ExpectedConditions.java:670)
	at org.openqa.selenium.support.ui.ExpectedConditions$23.apply(ExpectedConditions.java:666)
	at org.openqa.selenium.support.ui.FluentWait.until(FluentWait.java:249)
	at BackBase.BblogTest.TestReadArticleYourFeedGlobalFeedPopularTags(BblogTest.java:183)
	at java.base/jdk.internal.reflect.NativeMethodAccessorImpl.invoke0(Native Method)
	at java.base/jdk.internal.reflect.NativeMethodAccessorImpl.invoke(NativeMethodAccessorImpl.java:62)
	at java.base/jdk.internal.reflect.DelegatingMethodAccessorImpl.invoke(DelegatingMethodAccessorImpl.java:43)
	at java.base/java.lang.reflect.Method.invoke(Method.java:566)
	at org.testng.internal.MethodInvocationHelper.invokeMethod(MethodInvocationHelper.java:80)
	at org.testng.internal.Invoker.invokeMethod(Invoker.java:714)
	at org.testng.internal.Invoker.invokeTestMethod(Invoker.java:901)
	at org.testng.internal.Invoker.invokeTestMethods(Invoker.java:1231)
	at org.testng.internal.TestMethodWorker.invokeTestMethods(TestMethodWorker.java:127)
	at org.testng.internal.TestMethodWorker.run(TestMethodWorker.java:111)
	at org.testng.TestRunner.privateRun(TestRunner.java:767)
	at org.testng.TestRunner.run(TestRunner.java:617)
	at org.testng.SuiteRunner.runTest(SuiteRunner.java:334)
	at org.testng.SuiteRunner.runSequentially(SuiteRunner.java:329)
	at org.testng.SuiteRunner.privateRun(SuiteRunner.java:291)
	at org.testng.SuiteRunner.run(SuiteRunner.java:240)
	at org.testng.SuiteRunnerWorker.runSuite(SuiteRunnerWorker.java:52)
	at org.testng.SuiteRunnerWorker.run(SuiteRunnerWorker.java:86)
	at org.testng.TestNG.runSuitesSequentially(TestNG.java:1198)
	at org.testng.TestNG.runSuitesLocally(TestNG.java:1123)
	at org.testng.TestNG.run(TestNG.java:1031)
	at org.testng.remote.AbstractRemoteTestNG.run(AbstractRemoteTestNG.java:115)
	at org.testng.remote.RemoteTestNG.initAndRun(RemoteTestNG.java:251)
	at org.testng.remote.RemoteTestNG.main(RemoteTestNG.java:77)
]]>
            </full-stacktrace>
          </exception> <!-- org.openqa.selenium.StaleElementReferenceException -->
          <reporter-output>
          </reporter-output>
        </test-method> <!-- TestReadArticleYourFeedGlobalFeedPopularTags -->
        <test-method is-config="true" signature="applicationLogout()[pri:0, instance:BackBase.BblogTest@3e2059ae]" started-at="2021-03-26T09:31:54Z" name="applicationLogout" finished-at="2021-03-26T09:31:55Z" duration-ms="1040" status="PASS">
          <reporter-output>
          </reporter-output>
        </test-method> <!-- applicationLogout -->
        <test-method is-config="true" signature="applicationLogin()[pri:0, instance:BackBase.BblogTest@3e2059ae]" started-at="2021-03-26T09:31:55Z" name="applicationLogin" finished-at="2021-03-26T09:31:58Z" duration-ms="2879" status="PASS">
          <reporter-output>
          </reporter-output>
        </test-method> <!-- applicationLogin -->
        <test-method signature="TestUpdateArticleMyArticleFavouritedArticle()[pri:0, instance:BackBase.BblogTest@3e2059ae]" started-at="2021-03-26T09:31:58Z" name="TestUpdateArticleMyArticleFavouritedArticle" finished-at="2021-03-26T09:32:06Z" duration-ms="8265" status="PASS">
          <reporter-output>
          </reporter-output>
        </test-method> <!-- TestUpdateArticleMyArticleFavouritedArticle -->
        <test-method is-config="true" signature="applicationLogout()[pri:0, instance:BackBase.BblogTest@3e2059ae]" started-at="2021-03-26T09:32:06Z" name="applicationLogout" finished-at="2021-03-26T09:32:07Z" duration-ms="828" status="PASS">
          <reporter-output>
          </reporter-output>
        </test-method> <!-- applicationLogout -->
        <test-method is-config="true" signature="applicationLogin()[pri:0, instance:BackBase.BblogTest@3e2059ae]" started-at="2021-03-26T09:32:07Z" name="applicationLogin" finished-at="2021-03-26T09:32:11Z" duration-ms="3411" status="PASS">
          <reporter-output>
          </reporter-output>
        </test-method> <!-- applicationLogin -->
        <test-method signature="TestDeleteMyArticlesFavouritedArticles()[pri:0, instance:BackBase.BblogTest@3e2059ae]" started-at="2021-03-26T09:32:11Z" name="TestDeleteMyArticlesFavouritedArticles" finished-at="2021-03-26T09:32:16Z" duration-ms="5371" status="PASS">
          <reporter-output>
          </reporter-output>
        </test-method> <!-- TestDeleteMyArticlesFavouritedArticles -->
        <test-method is-config="true" signature="applicationLogout()[pri:0, instance:BackBase.BblogTest@3e2059ae]" started-at="2021-03-26T09:32:16Z" name="applicationLogout" finished-at="2021-03-26T09:32:17Z" duration-ms="907" status="PASS">
          <reporter-output>
          </reporter-output>
        </test-method> <!-- applicationLogout -->
        <test-method is-config="true" signature="closeBrowser()[pri:0, instance:BackBase.BblogTest@3e2059ae]" started-at="2021-03-26T09:32:17Z" name="closeBrowser" finished-at="2021-03-26T09:32:17Z" duration-ms="226" status="PASS">
          <reporter-output>
          </reporter-output>
        </test-method> <!-- closeBrowser -->
      </class> <!-- BackBase.BblogTest -->
    </test> <!-- Default test -->
  </suite> <!-- Default suite -->
</testng-results>
